<?xml version="1.0" ?>
<coverage branch-rate="0" branches-covered="0" branches-valid="6" complexity="0" line-rate="0.1351" lines-covered="5" lines-valid="37" timestamp="1507906056652" version="4.4.1">
	<!-- Generated by coverage.py: https://coverage.readthedocs.io -->
	<!-- Based on https://raw.githubusercontent.com/cobertura/web/master/htdocs/xml/coverage-04.dtd -->
	<sources>
		<source>/Users/Zentrale/Projekte/Public/djangocms-slick-slider</source>
	</sources>
	<packages>
		<package branch-rate="0" complexity="0" line-rate="0.1351" name="djangocms_slick_slider">
			<classes>
				<class branch-rate="1" complexity="0" filename="djangocms_slick_slider/__init__.py" line-rate="1" name="__init__.py">
					<methods/>
					<lines>
						<line hits="1" number="1"/>
					</lines>
				</class>
				<class branch-rate="1" complexity="0" filename="djangocms_slick_slider/apps.py" line-rate="0" name="apps.py">
					<methods/>
					<lines>
						<line hits="0" number="2"/>
						<line hits="0" number="5"/>
						<line hits="0" number="6"/>
					</lines>
				</class>
				<class branch-rate="0" complexity="0" filename="djangocms_slick_slider/models.py" line-rate="0" name="models.py">
					<methods/>
					<lines>
						<line hits="0" number="2"/>
						<line hits="0" number="4"/>
						<line hits="0" number="5"/>
						<line hits="0" number="6"/>
						<line hits="0" number="8"/>
						<line hits="0" number="10"/>
						<line hits="0" number="12"/>
						<line branch="true" condition-coverage="0% (0/2)" hits="0" missing-branches="15,17" number="14"/>
						<line hits="0" number="15"/>
						<line hits="0" number="17"/>
						<line hits="0" number="18"/>
						<line hits="0" number="19"/>
						<line hits="0" number="20"/>
						<line branch="true" condition-coverage="0% (0/2)" hits="0" missing-branches="25,26" number="24"/>
						<line hits="0" number="25"/>
						<line hits="0" number="29"/>
						<line hits="0" number="33"/>
						<line hits="0" number="37"/>
						<line hits="0" number="44"/>
						<line hits="0" number="48"/>
						<line branch="true" condition-coverage="0% (0/2)" hits="0" missing-branches="52,53" number="51"/>
						<line hits="0" number="52"/>
						<line hits="0" number="56"/>
						<line hits="0" number="60"/>
						<line hits="0" number="64"/>
						<line hits="0" number="65"/>
						<line hits="0" number="66"/>
						<line hits="0" number="68"/>
						<line hits="0" number="72"/>
					</lines>
				</class>
				<class branch-rate="1" complexity="0" filename="djangocms_slick_slider/urls.py" line-rate="1" name="urls.py">
					<methods/>
					<lines>
						<line hits="1" number="2"/>
						<line hits="1" number="3"/>
						<line hits="1" number="5"/>
						<line hits="1" number="7"/>
					</lines>
				</class>
				<class branch-rate="1" complexity="0" filename="djangocms_slick_slider/views.py" line-rate="1" name="views.py">
					<methods/>
					<lines/>
				</class>
			</classes>
		</package>
	</packages>
</coverage>
